{"/Users/marting/Repos/personal/new_website/src/components/ContentContainer.tsx": {"path":"/Users/marting/Repos/personal/new_website/src/components/ContentContainer.tsx","statementMap":{"0":{"start":{"line":3,"column":25},"end":{"line":5,"column":null}},"1":{"start":{"line":4,"column":1},"end":{"line":4,"column":null}}},"fnMap":{"0":{"name":"(anonymous_0)","decl":{"start":{"line":3,"column":25},"end":{"line":3,"column":30}},"loc":{"start":{"line":3,"column":30},"end":{"line":5,"column":null}}}},"branchMap":{},"s":{"0":1,"1":2},"f":{"0":2},"b":{}}
,"/Users/marting/Repos/personal/new_website/src/components/Footer.tsx": {"path":"/Users/marting/Repos/personal/new_website/src/components/Footer.tsx","statementMap":{"0":{"start":{"line":6,"column":15},"end":{"line":18,"column":null}},"1":{"start":{"line":7,"column":19},"end":{"line":7,"column":null}},"2":{"start":{"line":8,"column":17},"end":{"line":8,"column":null}},"3":{"start":{"line":10,"column":1},"end":{"line":16,"column":null}},"4":{"start":{"line":14,"column":31},"end":{"line":14,"column":92}}},"fnMap":{"0":{"name":"(anonymous_0)","decl":{"start":{"line":6,"column":15},"end":{"line":6,"column":21}},"loc":{"start":{"line":6,"column":21},"end":{"line":18,"column":null}}},"1":{"name":"(anonymous_1)","decl":{"start":{"line":14,"column":17},"end":{"line":14,"column":18}},"loc":{"start":{"line":14,"column":31},"end":{"line":14,"column":92}}}},"branchMap":{},"s":{"0":2,"1":3,"2":3,"3":3,"4":3},"f":{"0":3,"1":3},"b":{}}
,"/Users/marting/Repos/personal/new_website/src/components/InfoCard.tsx": {"path":"/Users/marting/Repos/personal/new_website/src/components/InfoCard.tsx","statementMap":{"0":{"start":{"line":7,"column":20},"end":{"line":7,"column":null}},"1":{"start":{"line":20,"column":48},"end":{"line":37,"column":null}},"2":{"start":{"line":43,"column":17},"end":{"line":100,"column":null}},"3":{"start":{"line":46,"column":21},"end":{"line":46,"column":null}},"4":{"start":{"line":49,"column":27},"end":{"line":59,"column":null}},"5":{"start":{"line":51,"column":3},"end":{"line":59,"column":null}},"6":{"start":{"line":62,"column":30},"end":{"line":89,"column":null}},"7":{"start":{"line":64,"column":3},"end":{"line":89,"column":null}},"8":{"start":{"line":75,"column":19},"end":{"line":75,"column":null}},"9":{"start":{"line":76,"column":8},"end":{"line":79,"column":null}},"10":{"start":{"line":92,"column":1},"end":{"line":98,"column":null}}},"fnMap":{"0":{"name":"(anonymous_0)","decl":{"start":{"line":43,"column":17},"end":{"line":43,"column":22}},"loc":{"start":{"line":43,"column":22},"end":{"line":100,"column":null}}},"1":{"name":"(anonymous_1)","decl":{"start":{"line":49,"column":27},"end":{"line":49,"column":null}},"loc":{"start":{"line":51,"column":3},"end":{"line":59,"column":null}}},"2":{"name":"(anonymous_2)","decl":{"start":{"line":62,"column":30},"end":{"line":62,"column":null}},"loc":{"start":{"line":64,"column":3},"end":{"line":89,"column":null}}},"3":{"name":"(anonymous_3)","decl":{"start":{"line":74,"column":24},"end":{"line":74,"column":25}},"loc":{"start":{"line":74,"column":42},"end":{"line":80,"column":8}}}},"branchMap":{},"s":{"0":2,"1":2,"2":2,"3":4,"4":4,"5":4,"6":4,"7":4,"8":12,"9":12,"10":4},"f":{"0":4,"1":4,"2":4,"3":12},"b":{}}
,"/Users/marting/Repos/personal/new_website/src/components/Navbar.tsx": {"path":"/Users/marting/Repos/personal/new_website/src/components/Navbar.tsx","statementMap":{"0":{"start":{"line":3,"column":15},"end":{"line":5,"column":null}},"1":{"start":{"line":4,"column":1},"end":{"line":4,"column":null}}},"fnMap":{"0":{"name":"(anonymous_0)","decl":{"start":{"line":3,"column":15},"end":{"line":3,"column":20}},"loc":{"start":{"line":3,"column":20},"end":{"line":5,"column":null}}}},"branchMap":{},"s":{"0":1,"1":2},"f":{"0":2},"b":{}}
,"/Users/marting/Repos/personal/new_website/src/layout/Background.tsx": {"path":"/Users/marting/Repos/personal/new_website/src/layout/Background.tsx","statementMap":{"0":{"start":{"line":20,"column":37},"end":{"line":40,"column":null}},"1":{"start":{"line":22,"column":26},"end":{"line":22,"column":null}},"2":{"start":{"line":24,"column":1},"end":{"line":26,"column":null}},"3":{"start":{"line":25,"column":2},"end":{"line":25,"column":null}},"4":{"start":{"line":29,"column":23},"end":{"line":31,"column":null}},"5":{"start":{"line":30,"column":2},"end":{"line":30,"column":null}},"6":{"start":{"line":33,"column":1},"end":{"line":38,"column":null}}},"fnMap":{"0":{"name":"(anonymous_0)","decl":{"start":{"line":20,"column":37},"end":{"line":20,"column":38}},"loc":{"start":{"line":20,"column":61},"end":{"line":40,"column":null}}},"1":{"name":"(anonymous_1)","decl":{"start":{"line":24,"column":11},"end":{"line":24,"column":15}},"loc":{"start":{"line":24,"column":15},"end":{"line":26,"column":3}}},"2":{"name":"(anonymous_2)","decl":{"start":{"line":29,"column":35},"end":{"line":29,"column":42}},"loc":{"start":{"line":29,"column":61},"end":{"line":31,"column":4}}}},"branchMap":{},"s":{"0":2,"1":8,"2":8,"3":4,"4":8,"5":4,"6":8},"f":{"0":8,"1":4,"2":4},"b":{}}
,"/Users/marting/Repos/personal/new_website/src/layout/Layout.tsx": {"path":"/Users/marting/Repos/personal/new_website/src/layout/Layout.tsx","statementMap":{"0":{"start":{"line":17,"column":18},"end":{"line":41,"column":null}},"1":{"start":{"line":19,"column":24},"end":{"line":19,"column":null}},"2":{"start":{"line":20,"column":1},"end":{"line":39,"column":null}}},"fnMap":{"0":{"name":"(anonymous_0)","decl":{"start":{"line":17,"column":18},"end":{"line":17,"column":23}},"loc":{"start":{"line":17,"column":23},"end":{"line":41,"column":null}}}},"branchMap":{"0":{"loc":{"start":{"line":21,"column":19},"end":{"line":21,"column":58}},"type":"cond-expr","locations":[{"start":{"line":21,"column":30},"end":{"line":21,"column":43}},{"start":{"line":21,"column":43},"end":{"line":21,"column":58}}]}},"s":{"0":1,"1":2,"2":2},"f":{"0":2},"b":{"0":[1,1]}}
,"/Users/marting/Repos/personal/new_website/src/util/BackgroundProps.ts": {"path":"/Users/marting/Repos/personal/new_website/src/util/BackgroundProps.ts","statementMap":{"0":{"start":{"line":8,"column":35},"end":{"line":61,"column":null}},"1":{"start":{"line":9,"column":1},"end":{"line":60,"column":null}}},"fnMap":{"0":{"name":"(anonymous_0)","decl":{"start":{"line":8,"column":35},"end":{"line":8,"column":36}},"loc":{"start":{"line":8,"column":73},"end":{"line":61,"column":null}}}},"branchMap":{"0":{"loc":{"start":{"line":12,"column":11},"end":{"line":12,"column":null}},"type":"cond-expr","locations":[{"start":{"line":12,"column":22},"end":{"line":12,"column":32}},{"start":{"line":12,"column":32},"end":{"line":12,"column":null}}]},"1":{"loc":{"start":{"line":24,"column":11},"end":{"line":24,"column":null}},"type":"cond-expr","locations":[{"start":{"line":24,"column":22},"end":{"line":24,"column":32}},{"start":{"line":24,"column":32},"end":{"line":24,"column":null}}]},"2":{"loc":{"start":{"line":27,"column":11},"end":{"line":27,"column":null}},"type":"cond-expr","locations":[{"start":{"line":27,"column":22},"end":{"line":27,"column":32}},{"start":{"line":27,"column":32},"end":{"line":27,"column":null}}]}},"s":{"0":3,"1":14},"f":{"0":14},"b":{"0":[7,7],"1":[7,7],"2":[7,7]}}
}
