{"/Users/marting/Repos/personal/new_website/src/components/Footer.tsx": {"path":"/Users/marting/Repos/personal/new_website/src/components/Footer.tsx","statementMap":{"0":{"start":{"line":10,"column":18},"end":{"line":26,"column":null}},"1":{"start":{"line":13,"column":13},"end":{"line":13,"column":null}},"2":{"start":{"line":16,"column":17},"end":{"line":16,"column":null}},"3":{"start":{"line":18,"column":1},"end":{"line":24,"column":null}},"4":{"start":{"line":22,"column":31},"end":{"line":22,"column":92}}},"fnMap":{"0":{"name":"(anonymous_0)","decl":{"start":{"line":10,"column":18},"end":{"line":10,"column":24}},"loc":{"start":{"line":10,"column":24},"end":{"line":26,"column":null}}},"1":{"name":"(anonymous_1)","decl":{"start":{"line":22,"column":17},"end":{"line":22,"column":18}},"loc":{"start":{"line":22,"column":31},"end":{"line":22,"column":92}}}},"branchMap":{},"s":{"0":2,"1":3,"2":3,"3":3,"4":3},"f":{"0":3,"1":3},"b":{}}
,"/Users/marting/Repos/personal/new_website/src/components/InfoCard.tsx": {"path":"/Users/marting/Repos/personal/new_website/src/components/InfoCard.tsx","statementMap":{"0":{"start":{"line":7,"column":20},"end":{"line":7,"column":null}},"1":{"start":{"line":20,"column":48},"end":{"line":37,"column":null}},"2":{"start":{"line":43,"column":20},"end":{"line":111,"column":null}},"3":{"start":{"line":46,"column":15},"end":{"line":46,"column":null}},"4":{"start":{"line":53,"column":27},"end":{"line":66,"column":null}},"5":{"start":{"line":55,"column":3},"end":{"line":66,"column":null}},"6":{"start":{"line":73,"column":30},"end":{"line":100,"column":null}},"7":{"start":{"line":75,"column":3},"end":{"line":100,"column":null}},"8":{"start":{"line":86,"column":19},"end":{"line":86,"column":null}},"9":{"start":{"line":87,"column":8},"end":{"line":90,"column":null}},"10":{"start":{"line":103,"column":1},"end":{"line":109,"column":null}}},"fnMap":{"0":{"name":"(anonymous_0)","decl":{"start":{"line":43,"column":20},"end":{"line":43,"column":25}},"loc":{"start":{"line":43,"column":25},"end":{"line":111,"column":null}}},"1":{"name":"(anonymous_1)","decl":{"start":{"line":53,"column":27},"end":{"line":53,"column":null}},"loc":{"start":{"line":55,"column":3},"end":{"line":66,"column":null}}},"2":{"name":"(anonymous_2)","decl":{"start":{"line":73,"column":30},"end":{"line":73,"column":null}},"loc":{"start":{"line":75,"column":3},"end":{"line":100,"column":null}}},"3":{"name":"(anonymous_3)","decl":{"start":{"line":85,"column":24},"end":{"line":85,"column":25}},"loc":{"start":{"line":85,"column":42},"end":{"line":91,"column":8}}}},"branchMap":{},"s":{"0":2,"1":2,"2":2,"3":4,"4":4,"5":4,"6":4,"7":4,"8":12,"9":12,"10":4},"f":{"0":4,"1":4,"2":4,"3":12},"b":{}}
,"/Users/marting/Repos/personal/new_website/src/components/InfoContainer.tsx": {"path":"/Users/marting/Repos/personal/new_website/src/components/InfoContainer.tsx","statementMap":{"0":{"start":{"line":9,"column":25},"end":{"line":20,"column":null}},"1":{"start":{"line":10,"column":1},"end":{"line":18,"column":null}},"2":{"start":{"line":14,"column":5},"end":{"line":16,"column":16}}},"fnMap":{"0":{"name":"(anonymous_0)","decl":{"start":{"line":9,"column":25},"end":{"line":9,"column":30}},"loc":{"start":{"line":9,"column":30},"end":{"line":20,"column":null}}},"1":{"name":"(anonymous_1)","decl":{"start":{"line":13,"column":16},"end":{"line":13,"column":17}},"loc":{"start":{"line":14,"column":5},"end":{"line":16,"column":16}}}},"branchMap":{},"s":{"0":1,"1":2,"2":10},"f":{"0":2,"1":10},"b":{}}
,"/Users/marting/Repos/personal/new_website/src/components/Navbar.tsx": {"path":"/Users/marting/Repos/personal/new_website/src/components/Navbar.tsx","statementMap":{"0":{"start":{"line":9,"column":17},"end":{"line":50,"column":null}},"1":{"start":{"line":13,"column":13},"end":{"line":13,"column":null}},"2":{"start":{"line":14,"column":32},"end":{"line":14,"column":null}},"3":{"start":{"line":17,"column":1},"end":{"line":48,"column":null}},"4":{"start":{"line":31,"column":7},"end":{"line":38,"column":18}}},"fnMap":{"0":{"name":"(anonymous_0)","decl":{"start":{"line":9,"column":17},"end":{"line":9,"column":22}},"loc":{"start":{"line":9,"column":22},"end":{"line":50,"column":null}}},"1":{"name":"(anonymous_1)","decl":{"start":{"line":30,"column":18},"end":{"line":30,"column":19}},"loc":{"start":{"line":31,"column":7},"end":{"line":38,"column":18}}}},"branchMap":{"0":{"loc":{"start":{"line":23,"column":15},"end":{"line":23,"column":null}},"type":"cond-expr","locations":[{"start":{"line":23,"column":26},"end":{"line":23,"column":33}},{"start":{"line":23,"column":33},"end":{"line":23,"column":null}}]},"1":{"loc":{"start":{"line":44,"column":15},"end":{"line":44,"column":null}},"type":"cond-expr","locations":[{"start":{"line":44,"column":26},"end":{"line":44,"column":33}},{"start":{"line":44,"column":33},"end":{"line":44,"column":null}}]}},"s":{"0":2,"1":3,"2":3,"3":3,"4":15},"f":{"0":3,"1":15},"b":{"0":[2,1],"1":[2,1]}}
,"/Users/marting/Repos/personal/new_website/src/layout/Background.tsx": {"path":"/Users/marting/Repos/personal/new_website/src/layout/Background.tsx","statementMap":{"0":{"start":{"line":20,"column":37},"end":{"line":40,"column":null}},"1":{"start":{"line":22,"column":26},"end":{"line":22,"column":null}},"2":{"start":{"line":24,"column":1},"end":{"line":26,"column":null}},"3":{"start":{"line":25,"column":2},"end":{"line":25,"column":null}},"4":{"start":{"line":29,"column":23},"end":{"line":31,"column":null}},"5":{"start":{"line":30,"column":2},"end":{"line":30,"column":null}},"6":{"start":{"line":33,"column":1},"end":{"line":38,"column":null}}},"fnMap":{"0":{"name":"(anonymous_0)","decl":{"start":{"line":20,"column":37},"end":{"line":20,"column":38}},"loc":{"start":{"line":20,"column":61},"end":{"line":40,"column":null}}},"1":{"name":"(anonymous_1)","decl":{"start":{"line":24,"column":11},"end":{"line":24,"column":15}},"loc":{"start":{"line":24,"column":15},"end":{"line":26,"column":3}}},"2":{"name":"(anonymous_2)","decl":{"start":{"line":29,"column":35},"end":{"line":29,"column":42}},"loc":{"start":{"line":29,"column":61},"end":{"line":31,"column":4}}}},"branchMap":{},"s":{"0":2,"1":8,"2":8,"3":4,"4":8,"5":4,"6":8},"f":{"0":8,"1":4,"2":4},"b":{}}
,"/Users/marting/Repos/personal/new_website/src/layout/Layout.tsx": {"path":"/Users/marting/Repos/personal/new_website/src/layout/Layout.tsx","statementMap":{"0":{"start":{"line":18,"column":18},"end":{"line":47,"column":null}},"1":{"start":{"line":20,"column":24},"end":{"line":20,"column":null}},"2":{"start":{"line":21,"column":1},"end":{"line":44,"column":null}}},"fnMap":{"0":{"name":"(anonymous_0)","decl":{"start":{"line":18,"column":18},"end":{"line":18,"column":23}},"loc":{"start":{"line":18,"column":23},"end":{"line":47,"column":null}}}},"branchMap":{"0":{"loc":{"start":{"line":22,"column":19},"end":{"line":22,"column":58}},"type":"cond-expr","locations":[{"start":{"line":22,"column":30},"end":{"line":22,"column":43}},{"start":{"line":22,"column":43},"end":{"line":22,"column":58}}]}},"s":{"0":1,"1":2,"2":2},"f":{"0":2},"b":{"0":[1,1]}}
,"/Users/marting/Repos/personal/new_website/src/routes/routes.tsx": {"path":"/Users/marting/Repos/personal/new_website/src/routes/routes.tsx","statementMap":{"0":{"start":{"line":4,"column":41},"end":{"line":30,"column":null}},"1":{"start":{"line":8,"column":16},"end":{"line":8,"column":null}},"2":{"start":{"line":13,"column":16},"end":{"line":13,"column":null}},"3":{"start":{"line":18,"column":16},"end":{"line":18,"column":null}},"4":{"start":{"line":23,"column":16},"end":{"line":23,"column":null}},"5":{"start":{"line":28,"column":16},"end":{"line":28,"column":null}}},"fnMap":{"0":{"name":"(anonymous_0)","decl":{"start":{"line":8,"column":12},"end":{"line":8,"column":16}},"loc":{"start":{"line":8,"column":16},"end":{"line":8,"column":null}}},"1":{"name":"(anonymous_1)","decl":{"start":{"line":13,"column":12},"end":{"line":13,"column":16}},"loc":{"start":{"line":13,"column":16},"end":{"line":13,"column":null}}},"2":{"name":"(anonymous_2)","decl":{"start":{"line":18,"column":12},"end":{"line":18,"column":16}},"loc":{"start":{"line":18,"column":16},"end":{"line":18,"column":null}}},"3":{"name":"(anonymous_3)","decl":{"start":{"line":23,"column":12},"end":{"line":23,"column":16}},"loc":{"start":{"line":23,"column":16},"end":{"line":23,"column":null}}},"4":{"name":"(anonymous_4)","decl":{"start":{"line":28,"column":12},"end":{"line":28,"column":16}},"loc":{"start":{"line":28,"column":16},"end":{"line":28,"column":null}}}},"branchMap":{},"s":{"0":2,"1":2,"2":0,"3":0,"4":0,"5":0},"f":{"0":2,"1":0,"2":0,"3":0,"4":0},"b":{}}
,"/Users/marting/Repos/personal/new_website/src/util/BackgroundProps.ts": {"path":"/Users/marting/Repos/personal/new_website/src/util/BackgroundProps.ts","statementMap":{"0":{"start":{"line":8,"column":35},"end":{"line":61,"column":null}},"1":{"start":{"line":9,"column":1},"end":{"line":60,"column":null}}},"fnMap":{"0":{"name":"(anonymous_0)","decl":{"start":{"line":8,"column":35},"end":{"line":8,"column":36}},"loc":{"start":{"line":8,"column":73},"end":{"line":61,"column":null}}}},"branchMap":{"0":{"loc":{"start":{"line":12,"column":11},"end":{"line":12,"column":null}},"type":"cond-expr","locations":[{"start":{"line":12,"column":22},"end":{"line":12,"column":32}},{"start":{"line":12,"column":32},"end":{"line":12,"column":null}}]},"1":{"loc":{"start":{"line":24,"column":11},"end":{"line":24,"column":null}},"type":"cond-expr","locations":[{"start":{"line":24,"column":22},"end":{"line":24,"column":32}},{"start":{"line":24,"column":32},"end":{"line":24,"column":null}}]},"2":{"loc":{"start":{"line":27,"column":11},"end":{"line":27,"column":null}},"type":"cond-expr","locations":[{"start":{"line":27,"column":22},"end":{"line":27,"column":32}},{"start":{"line":27,"column":32},"end":{"line":27,"column":null}}]}},"s":{"0":3,"1":14},"f":{"0":14},"b":{"0":[7,7],"1":[7,7],"2":[7,7]}}
}
